06:44:03.033 [main] DEBUG o.s.core.env.StandardEnvironment - Adding [systemProperties] PropertySource with lowest search precedence
06:44:03.038 [main] DEBUG o.s.core.env.StandardEnvironment - Adding [systemEnvironment] PropertySource with lowest search precedence
06:44:03.038 [main] DEBUG o.s.core.env.StandardEnvironment - Initialized StandardEnvironment with PropertySources [systemProperties,systemEnvironment]
06:44:03.039 [main] DEBUG o.s.c.e.PropertySourcesPropertyResolver - Searching for key 'spring.profiles.active' in [systemProperties]
06:44:03.039 [main] DEBUG o.s.c.e.PropertySourcesPropertyResolver - Searching for key 'spring.profiles.active' in [systemEnvironment]
06:44:03.039 [main] DEBUG o.s.c.e.PropertySourcesPropertyResolver - Could not find key 'spring.profiles.active' in any property source. Returning [null]
06:44:03.039 [main] DEBUG o.s.c.e.PropertySourcesPropertyResolver - Searching for key 'spring.profiles.active' in [systemProperties]
06:44:03.039 [main] DEBUG o.s.c.e.PropertySourcesPropertyResolver - Searching for key 'spring.profiles.active' in [systemEnvironment]
06:44:03.039 [main] DEBUG o.s.c.e.PropertySourcesPropertyResolver - Could not find key 'spring.profiles.active' in any property source. Returning [null]
06:44:03.040 [main] DEBUG o.s.c.e.PropertySourcesPropertyResolver - Searching for key 'banner.location' in [systemProperties]
06:44:03.040 [main] DEBUG o.s.c.e.PropertySourcesPropertyResolver - Searching for key 'banner.location' in [systemEnvironment]
06:44:03.040 [main] DEBUG o.s.c.e.PropertySourcesPropertyResolver - Could not find key 'banner.location' in any property source. Returning [null]
06:44:03.042 [main] DEBUG o.s.c.e.PropertySourcesPropertyResolver - Searching for key 'banner.charset' in [systemProperties]
06:44:03.043 [main] DEBUG o.s.c.e.PropertySourcesPropertyResolver - Searching for key 'banner.charset' in [systemEnvironment]
06:44:03.043 [main] DEBUG o.s.c.e.PropertySourcesPropertyResolver - Could not find key 'banner.charset' in any property source. Returning [null]
06:44:03.044 [main] DEBUG o.s.core.env.MutablePropertySources - Adding [version] PropertySource with lowest search precedence
 ______          ______      ____    ___                       __
/\__  _\        /\__  _\    /\  _`\ /\_ \    __               /\ \__   
\/_/\ \/     ___\/_/\ \/    \ \ \/\_\//\ \  /\_\     __    ___\ \ ,_\  
   \ \ \    / __`\ \ \ \     \ \ \/_/_\ \ \ \/\ \  /'__`\/' _ `\ \ \/  
    \_\ \__/\ \L\ \ \ \ \     \ \ \L\ \\_\ \_\ \ \/\  __//\ \/\ \ \ \_ 
    /\_____\ \____/  \ \_\     \ \____//\____\\ \_\ \____\ \_\ \_\ \__\
    \/_____/\/___/    \/_/      \/___/ \/____/ \/_/\/____/\/_/\/_/\/__/
06:44:03.085 [main] DEBUG o.s.core.env.StandardEnvironment - Adding [systemProperties] PropertySource with lowest search precedence
06:44:03.085 [main] DEBUG o.s.core.env.StandardEnvironment - Adding [systemEnvironment] PropertySource with lowest search precedence
06:44:03.086 [main] DEBUG o.s.core.env.StandardEnvironment - Initialized StandardEnvironment with PropertySources [systemProperties,systemEnvironment]
06:44:03.127 [main] INFO  i.p.demo.IoTAnalyticsApplication - Starting IoTAnalyticsApplication v0.1 on Fredericos-Air (/Users/fmelo/WifiAnalyticsIoT/client/DeviceClient/build/libs/DeviceClient-all.jar started by fmelo in /Users/fmelo/WifiAnalyticsIoT/client)
06:44:03.128 [main] DEBUG i.p.demo.IoTAnalyticsApplication - Running with Spring Boot v0.1, Spring v0.1
06:44:03.128 [main] DEBUG o.s.boot.SpringApplication - Loading source class io.pivotal.demo.IoTAnalyticsApplication
06:44:03.169 [main] INFO  o.s.c.a.AnnotationConfigApplicationContext - Refreshing org.springframework.context.annotation.AnnotationConfigApplicationContext@42d3bd8b: startup date [Sun Jul 19 06:44:03 PDT 2015]; root of context hierarchy
06:44:03.169 [main] DEBUG o.s.c.a.AnnotationConfigApplicationContext - Bean factory for org.springframework.context.annotation.AnnotationConfigApplicationContext@42d3bd8b: org.springframework.beans.factory.support.DefaultListableBeanFactory@551aa95a: defining beans [org.springframework.context.annotation.internalConfigurationAnnotationProcessor,org.springframework.context.annotation.internalAutowiredAnnotationProcessor,org.springframework.context.annotation.internalRequiredAnnotationProcessor,org.springframework.context.annotation.internalCommonAnnotationProcessor,ioTAnalyticsApplication]; root of factory hierarchy
06:44:03.176 [main] DEBUG o.s.b.f.s.DefaultListableBeanFactory - Creating shared instance of singleton bean 'org.springframework.context.annotation.internalConfigurationAnnotationProcessor'
06:44:03.177 [main] DEBUG o.s.b.f.s.DefaultListableBeanFactory - Creating instance of bean 'org.springframework.context.annotation.internalConfigurationAnnotationProcessor'
06:44:03.188 [main] DEBUG o.s.b.f.s.DefaultListableBeanFactory - Eagerly caching bean 'org.springframework.context.annotation.internalConfigurationAnnotationProcessor' to allow for resolving potential circular references
06:44:03.189 [main] DEBUG o.s.b.f.s.DefaultListableBeanFactory - Finished creating instance of bean 'org.springframework.context.annotation.internalConfigurationAnnotationProcessor'
06:44:03.206 [main] DEBUG o.s.core.env.StandardEnvironment - Adding [systemProperties] PropertySource with lowest search precedence
06:44:03.206 [main] DEBUG o.s.core.env.StandardEnvironment - Adding [systemEnvironment] PropertySource with lowest search precedence
06:44:03.206 [main] DEBUG o.s.core.env.StandardEnvironment - Initialized StandardEnvironment with PropertySources [systemProperties,systemEnvironment]
06:44:03.209 [main] DEBUG o.s.c.i.s.PathMatchingResourcePatternResolver - Looking for matching resources in jar file [file:/Users/fmelo/WifiAnalyticsIoT/client/DeviceClient/build/libs/DeviceClient-all.jar]
06:44:03.257 [main] DEBUG o.s.c.i.s.PathMatchingResourcePatternResolver - Resolved location pattern [classpath*:io/pivotal/demo/**/*.class] to resources [URL [jar:file:/Users/fmelo/WifiAnalyticsIoT/client/DeviceClient/build/libs/DeviceClient-all.jar!/io/pivotal/demo/GeodeClient.class], URL [jar:file:/Users/fmelo/WifiAnalyticsIoT/client/DeviceClient/build/libs/DeviceClient-all.jar!/io/pivotal/demo/IoTAnalyticsApplication.class], URL [jar:file:/Users/fmelo/WifiAnalyticsIoT/client/DeviceClient/build/libs/DeviceClient-all.jar!/io/pivotal/demo/ProbeCaptureRunner.class], URL [jar:file:/Users/fmelo/WifiAnalyticsIoT/client/DeviceClient/build/libs/DeviceClient-all.jar!/io/pivotal/demo/ProbeRequest.class]]
06:44:03.275 [main] DEBUG o.s.c.a.ClassPathBeanDefinitionScanner - Identified candidate component class: URL [jar:file:/Users/fmelo/WifiAnalyticsIoT/client/DeviceClient/build/libs/DeviceClient-all.jar!/io/pivotal/demo/ProbeCaptureRunner.class]
06:44:03.279 [main] DEBUG o.s.core.env.StandardEnvironment - Adding [systemProperties] PropertySource with lowest search precedence
06:44:03.280 [main] DEBUG o.s.core.env.StandardEnvironment - Adding [systemEnvironment] PropertySource with lowest search precedence
06:44:03.280 [main] DEBUG o.s.core.env.StandardEnvironment - Initialized StandardEnvironment with PropertySources [systemProperties,systemEnvironment]
06:44:03.281 [main] DEBUG o.s.c.i.s.PathMatchingResourcePatternResolver - Looking for matching resources in jar file [file:/Users/fmelo/WifiAnalyticsIoT/client/DeviceClient/build/libs/DeviceClient-all.jar]
06:44:03.320 [main] DEBUG o.s.c.i.s.PathMatchingResourcePatternResolver - Resolved location pattern [classpath*:io/pivotal/demo/**/*.class] to resources [URL [jar:file:/Users/fmelo/WifiAnalyticsIoT/client/DeviceClient/build/libs/DeviceClient-all.jar!/io/pivotal/demo/GeodeClient.class], URL [jar:file:/Users/fmelo/WifiAnalyticsIoT/client/DeviceClient/build/libs/DeviceClient-all.jar!/io/pivotal/demo/IoTAnalyticsApplication.class], URL [jar:file:/Users/fmelo/WifiAnalyticsIoT/client/DeviceClient/build/libs/DeviceClient-all.jar!/io/pivotal/demo/ProbeCaptureRunner.class], URL [jar:file:/Users/fmelo/WifiAnalyticsIoT/client/DeviceClient/build/libs/DeviceClient-all.jar!/io/pivotal/demo/ProbeRequest.class]]
06:44:03.322 [main] DEBUG o.s.c.a.ClassPathBeanDefinitionScanner - Identified candidate component class: URL [jar:file:/Users/fmelo/WifiAnalyticsIoT/client/DeviceClient/build/libs/DeviceClient-all.jar!/io/pivotal/demo/IoTAnalyticsApplication.class]
06:44:03.400 [main] DEBUG o.s.c.a.ConfigurationClassEnhancer - Successfully enhanced io.pivotal.demo.IoTAnalyticsApplication; enhanced class name is: io.pivotal.demo.IoTAnalyticsApplication$$EnhancerBySpringCGLIB$$18291c9f
06:44:03.401 [main] DEBUG o.s.c.a.ConfigurationClassPostProcessor - Replacing bean definition 'ioTAnalyticsApplication' existing class name 'io.pivotal.demo.IoTAnalyticsApplication' with enhanced class name 'io.pivotal.demo.IoTAnalyticsApplication$$EnhancerBySpringCGLIB$$18291c9f'
06:44:03.404 [main] DEBUG o.s.c.a.ConfigurationClassEnhancer - Successfully enhanced io.pivotal.demo.ProbeCaptureRunner; enhanced class name is: io.pivotal.demo.ProbeCaptureRunner$$EnhancerBySpringCGLIB$$e967ef31
06:44:03.404 [main] DEBUG o.s.c.a.ConfigurationClassPostProcessor - Replacing bean definition 'probeCaptureRunner' existing class name 'io.pivotal.demo.ProbeCaptureRunner' with enhanced class name 'io.pivotal.demo.ProbeCaptureRunner$$EnhancerBySpringCGLIB$$e967ef31'
06:44:03.406 [main] DEBUG o.s.b.f.s.DefaultListableBeanFactory - Creating shared instance of singleton bean 'org.springframework.context.annotation.internalAutowiredAnnotationProcessor'
06:44:03.406 [main] DEBUG o.s.b.f.s.DefaultListableBeanFactory - Creating instance of bean 'org.springframework.context.annotation.internalAutowiredAnnotationProcessor'
06:44:03.407 [main] DEBUG o.s.b.f.s.DefaultListableBeanFactory - Eagerly caching bean 'org.springframework.context.annotation.internalAutowiredAnnotationProcessor' to allow for resolving potential circular references
06:44:03.407 [main] DEBUG o.s.b.f.s.DefaultListableBeanFactory - Finished creating instance of bean 'org.springframework.context.annotation.internalAutowiredAnnotationProcessor'
06:44:03.407 [main] DEBUG o.s.b.f.s.DefaultListableBeanFactory - Creating shared instance of singleton bean 'org.springframework.context.annotation.internalRequiredAnnotationProcessor'
06:44:03.407 [main] DEBUG o.s.b.f.s.DefaultListableBeanFactory - Creating instance of bean 'org.springframework.context.annotation.internalRequiredAnnotationProcessor'
06:44:03.407 [main] DEBUG o.s.b.f.s.DefaultListableBeanFactory - Eagerly caching bean 'org.springframework.context.annotation.internalRequiredAnnotationProcessor' to allow for resolving potential circular references
06:44:03.407 [main] DEBUG o.s.b.f.s.DefaultListableBeanFactory - Finished creating instance of bean 'org.springframework.context.annotation.internalRequiredAnnotationProcessor'
06:44:03.408 [main] DEBUG o.s.b.f.s.DefaultListableBeanFactory - Creating shared instance of singleton bean 'org.springframework.context.annotation.internalCommonAnnotationProcessor'
06:44:03.408 [main] DEBUG o.s.b.f.s.DefaultListableBeanFactory - Creating instance of bean 'org.springframework.context.annotation.internalCommonAnnotationProcessor'
06:44:03.410 [main] DEBUG o.s.b.f.s.DefaultListableBeanFactory - Eagerly caching bean 'org.springframework.context.annotation.internalCommonAnnotationProcessor' to allow for resolving potential circular references
06:44:03.410 [main] DEBUG o.s.b.f.s.DefaultListableBeanFactory - Finished creating instance of bean 'org.springframework.context.annotation.internalCommonAnnotationProcessor'
06:44:03.411 [main] DEBUG o.s.b.f.s.DefaultListableBeanFactory - Creating shared instance of singleton bean 'org.springframework.context.annotation.ConfigurationClassPostProcessor.importAwareProcessor'
06:44:03.411 [main] DEBUG o.s.b.f.s.DefaultListableBeanFactory - Creating instance of bean 'org.springframework.context.annotation.ConfigurationClassPostProcessor.importAwareProcessor'
06:44:03.411 [main] DEBUG o.s.b.f.s.DefaultListableBeanFactory - Eagerly caching bean 'org.springframework.context.annotation.ConfigurationClassPostProcessor.importAwareProcessor' to allow for resolving potential circular references
06:44:03.411 [main] DEBUG o.s.b.f.s.DefaultListableBeanFactory - Finished creating instance of bean 'org.springframework.context.annotation.ConfigurationClassPostProcessor.importAwareProcessor'
06:44:03.411 [main] DEBUG o.s.b.f.s.DefaultListableBeanFactory - Creating shared instance of singleton bean 'org.springframework.context.annotation.ConfigurationClassPostProcessor.enhancedConfigurationProcessor'
06:44:03.411 [main] DEBUG o.s.b.f.s.DefaultListableBeanFactory - Creating instance of bean 'org.springframework.context.annotation.ConfigurationClassPostProcessor.enhancedConfigurationProcessor'
06:44:03.411 [main] DEBUG o.s.b.f.s.DefaultListableBeanFactory - Eagerly caching bean 'org.springframework.context.annotation.ConfigurationClassPostProcessor.enhancedConfigurationProcessor' to allow for resolving potential circular references
06:44:03.411 [main] DEBUG o.s.b.f.s.DefaultListableBeanFactory - Finished creating instance of bean 'org.springframework.context.annotation.ConfigurationClassPostProcessor.enhancedConfigurationProcessor'
06:44:03.413 [main] DEBUG o.s.c.a.AnnotationConfigApplicationContext - Unable to locate MessageSource with name 'messageSource': using default [org.springframework.context.support.DelegatingMessageSource@4d826d77]
06:44:03.415 [main] DEBUG o.s.c.a.AnnotationConfigApplicationContext - Unable to locate ApplicationEventMulticaster with name 'applicationEventMulticaster': using default [org.springframework.context.event.SimpleApplicationEventMulticaster@6328d34a]
06:44:03.416 [main] DEBUG o.s.b.f.s.DefaultListableBeanFactory - Pre-instantiating singletons in org.springframework.beans.factory.support.DefaultListableBeanFactory@551aa95a: defining beans [org.springframework.context.annotation.internalConfigurationAnnotationProcessor,org.springframework.context.annotation.internalAutowiredAnnotationProcessor,org.springframework.context.annotation.internalRequiredAnnotationProcessor,org.springframework.context.annotation.internalCommonAnnotationProcessor,ioTAnalyticsApplication,org.springframework.context.annotation.ConfigurationClassPostProcessor.importAwareProcessor,org.springframework.context.annotation.ConfigurationClassPostProcessor.enhancedConfigurationProcessor,probeCaptureRunner,org.springframework.boot.autoconfigure.AutoConfigurationPackages]; root of factory hierarchy
06:44:03.416 [main] DEBUG o.s.b.f.s.DefaultListableBeanFactory - Returning cached instance of singleton bean 'org.springframework.context.annotation.internalConfigurationAnnotationProcessor'
06:44:03.416 [main] DEBUG o.s.b.f.s.DefaultListableBeanFactory - Returning cached instance of singleton bean 'org.springframework.context.annotation.internalAutowiredAnnotationProcessor'
06:44:03.416 [main] DEBUG o.s.b.f.s.DefaultListableBeanFactory - Returning cached instance of singleton bean 'org.springframework.context.annotation.internalRequiredAnnotationProcessor'
06:44:03.416 [main] DEBUG o.s.b.f.s.DefaultListableBeanFactory - Returning cached instance of singleton bean 'org.springframework.context.annotation.internalCommonAnnotationProcessor'
06:44:03.417 [main] DEBUG o.s.b.f.s.DefaultListableBeanFactory - Creating shared instance of singleton bean 'ioTAnalyticsApplication'
06:44:03.417 [main] DEBUG o.s.b.f.s.DefaultListableBeanFactory - Creating instance of bean 'ioTAnalyticsApplication'
06:44:03.419 [main] DEBUG o.s.b.f.s.DefaultListableBeanFactory - Eagerly caching bean 'ioTAnalyticsApplication' to allow for resolving potential circular references
06:44:03.432 [main] DEBUG o.s.b.f.s.DefaultListableBeanFactory - Finished creating instance of bean 'ioTAnalyticsApplication'
06:44:03.433 [main] DEBUG o.s.b.f.s.DefaultListableBeanFactory - Returning cached instance of singleton bean 'org.springframework.context.annotation.ConfigurationClassPostProcessor.importAwareProcessor'
06:44:03.433 [main] DEBUG o.s.b.f.s.DefaultListableBeanFactory - Returning cached instance of singleton bean 'org.springframework.context.annotation.ConfigurationClassPostProcessor.enhancedConfigurationProcessor'
06:44:03.433 [main] DEBUG o.s.b.f.s.DefaultListableBeanFactory - Creating shared instance of singleton bean 'probeCaptureRunner'
06:44:03.433 [main] DEBUG o.s.b.f.s.DefaultListableBeanFactory - Creating instance of bean 'probeCaptureRunner'
06:44:03.648 [main] DEBUG o.s.b.f.annotation.InjectionMetadata - Registered injected element on class [io.pivotal.demo.ProbeCaptureRunner$$EnhancerBySpringCGLIB$$e967ef31]: AutowiredFieldElement for private java.lang.String io.pivotal.demo.ProbeCaptureRunner.URL
06:44:03.648 [main] DEBUG o.s.b.f.annotation.InjectionMetadata - Registered injected element on class [io.pivotal.demo.ProbeCaptureRunner$$EnhancerBySpringCGLIB$$e967ef31]: AutowiredFieldElement for private java.lang.String io.pivotal.demo.ProbeCaptureRunner.tshark_command
06:44:03.649 [main] DEBUG o.s.b.f.s.DefaultListableBeanFactory - Eagerly caching bean 'probeCaptureRunner' to allow for resolving potential circular references
06:44:03.651 [main] DEBUG o.s.b.f.annotation.InjectionMetadata - Processing injected element of bean 'probeCaptureRunner': AutowiredFieldElement for private java.lang.String io.pivotal.demo.ProbeCaptureRunner.URL
06:44:03.658 [main] DEBUG o.s.b.f.annotation.InjectionMetadata - Processing injected element of bean 'probeCaptureRunner': AutowiredFieldElement for private java.lang.String io.pivotal.demo.ProbeCaptureRunner.tshark_command
06:44:03.658 [main] DEBUG o.s.b.f.s.DefaultListableBeanFactory - Finished creating instance of bean 'probeCaptureRunner'
06:44:03.658 [main] DEBUG o.s.b.f.s.DefaultListableBeanFactory - Creating shared instance of singleton bean 'org.springframework.boot.autoconfigure.AutoConfigurationPackages'
06:44:03.658 [main] DEBUG o.s.b.f.s.DefaultListableBeanFactory - Creating instance of bean 'org.springframework.boot.autoconfigure.AutoConfigurationPackages'
06:44:03.666 [main] DEBUG o.s.b.f.s.DefaultListableBeanFactory - Eagerly caching bean 'org.springframework.boot.autoconfigure.AutoConfigurationPackages' to allow for resolving potential circular references
06:44:03.667 [main] DEBUG o.s.b.f.s.DefaultListableBeanFactory - Finished creating instance of bean 'org.springframework.boot.autoconfigure.AutoConfigurationPackages'
06:44:03.669 [main] DEBUG o.s.c.a.AnnotationConfigApplicationContext - Unable to locate LifecycleProcessor with name 'lifecycleProcessor': using default [org.springframework.context.support.DefaultLifecycleProcessor@7d20d0b]
06:44:03.669 [main] DEBUG o.s.b.f.s.DefaultListableBeanFactory - Returning cached instance of singleton bean 'lifecycleProcessor'
06:44:03.671 [main] DEBUG o.s.c.e.PropertySourcesPropertyResolver - Searching for key 'spring.liveBeansView.mbeanDomain' in [systemProperties]
06:44:03.671 [main] DEBUG o.s.c.e.PropertySourcesPropertyResolver - Searching for key 'spring.liveBeansView.mbeanDomain' in [systemEnvironment]
06:44:03.671 [main] DEBUG o.s.c.e.PropertySourcesPropertyResolver - Could not find key 'spring.liveBeansView.mbeanDomain' in any property source. Returning [null]
06:44:03.671 [main] DEBUG o.s.b.f.s.DefaultListableBeanFactory - Returning cached instance of singleton bean 'probeCaptureRunner'
Jul 19, 2015 6:44:03 AM io.pivotal.demo.ProbeCaptureRunner run
INFO: --------------------------------------
Jul 19, 2015 6:44:03 AM io.pivotal.demo.ProbeCaptureRunner run
INFO: Capturing tshark process output...
06:44:03.742 [main] ERROR o.s.boot.SpringApplication - Application startup failed
java.lang.IllegalStateException: Failed to execute CommandLineRunner
	at org.springframework.boot.SpringApplication.runCommandLineRunners(SpringApplication.java:675) [DeviceClient-all.jar:0.1]
	at org.springframework.boot.SpringApplication.afterRefresh(SpringApplication.java:690) [DeviceClient-all.jar:0.1]
	at org.springframework.boot.SpringApplication.run(SpringApplication.java:321) [DeviceClient-all.jar:0.1]
	at org.springframework.boot.SpringApplication.run(SpringApplication.java:957) [DeviceClient-all.jar:0.1]
	at org.springframework.boot.SpringApplication.run(SpringApplication.java:946) [DeviceClient-all.jar:0.1]
	at io.pivotal.demo.IoTAnalyticsApplication.main(IoTAnalyticsApplication.java:11) [DeviceClient-all.jar:0.1]
Caused by: java.io.IOException: Cannot run program "${tshark_process}": error=2, No such file or directory
	at java.lang.ProcessBuilder.start(ProcessBuilder.java:1048) ~[na:1.8.0_45]
	at java.lang.Runtime.exec(Runtime.java:620) ~[na:1.8.0_45]
	at java.lang.Runtime.exec(Runtime.java:450) ~[na:1.8.0_45]
	at java.lang.Runtime.exec(Runtime.java:347) ~[na:1.8.0_45]
	at io.pivotal.demo.ProbeCaptureRunner.run(ProbeCaptureRunner.java:35) ~[DeviceClient-all.jar:0.1]
	at org.springframework.boot.SpringApplication.runCommandLineRunners(SpringApplication.java:672) [DeviceClient-all.jar:0.1]
	... 5 common frames omitted
Caused by: java.io.IOException: error=2, No such file or directory
	at java.lang.UNIXProcess.forkAndExec(Native Method) ~[na:1.8.0_45]
	at java.lang.UNIXProcess.<init>(UNIXProcess.java:248) ~[na:1.8.0_45]
	at java.lang.ProcessImpl.start(ProcessImpl.java:134) ~[na:1.8.0_45]
	at java.lang.ProcessBuilder.start(ProcessBuilder.java:1029) ~[na:1.8.0_45]
	... 10 common frames omitted
06:44:03.743 [main] INFO  o.s.c.a.AnnotationConfigApplicationContext - Closing org.springframework.context.annotation.AnnotationConfigApplicationContext@42d3bd8b: startup date [Sun Jul 19 06:44:03 PDT 2015]; root of context hierarchy
06:44:03.744 [main] DEBUG o.s.b.f.s.DefaultListableBeanFactory - Returning cached instance of singleton bean 'lifecycleProcessor'
06:44:03.744 [main] DEBUG o.s.b.f.s.DefaultListableBeanFactory - Destroying singletons in org.springframework.beans.factory.support.DefaultListableBeanFactory@551aa95a: defining beans [org.springframework.context.annotation.internalConfigurationAnnotationProcessor,org.springframework.context.annotation.internalAutowiredAnnotationProcessor,org.springframework.context.annotation.internalRequiredAnnotationProcessor,org.springframework.context.annotation.internalCommonAnnotationProcessor,ioTAnalyticsApplication,org.springframework.context.annotation.ConfigurationClassPostProcessor.importAwareProcessor,org.springframework.context.annotation.ConfigurationClassPostProcessor.enhancedConfigurationProcessor,probeCaptureRunner,org.springframework.boot.autoconfigure.AutoConfigurationPackages]; root of factory hierarchy
Exception in thread "main" java.lang.IllegalStateException: Failed to execute CommandLineRunner
	at org.springframework.boot.SpringApplication.runCommandLineRunners(SpringApplication.java:675)
	at org.springframework.boot.SpringApplication.afterRefresh(SpringApplication.java:690)
	at org.springframework.boot.SpringApplication.run(SpringApplication.java:321)
	at org.springframework.boot.SpringApplication.run(SpringApplication.java:957)
	at org.springframework.boot.SpringApplication.run(SpringApplication.java:946)
	at io.pivotal.demo.IoTAnalyticsApplication.main(IoTAnalyticsApplication.java:11)
Caused by: java.io.IOException: Cannot run program "${tshark_process}": error=2, No such file or directory
	at java.lang.ProcessBuilder.start(ProcessBuilder.java:1048)
	at java.lang.Runtime.exec(Runtime.java:620)
	at java.lang.Runtime.exec(Runtime.java:450)
	at java.lang.Runtime.exec(Runtime.java:347)
	at io.pivotal.demo.ProbeCaptureRunner.run(ProbeCaptureRunner.java:35)
	at org.springframework.boot.SpringApplication.runCommandLineRunners(SpringApplication.java:672)
	... 5 more
Caused by: java.io.IOException: error=2, No such file or directory
	at java.lang.UNIXProcess.forkAndExec(Native Method)
	at java.lang.UNIXProcess.<init>(UNIXProcess.java:248)
	at java.lang.ProcessImpl.start(ProcessImpl.java:134)
	at java.lang.ProcessBuilder.start(ProcessBuilder.java:1029)
	... 10 more
